-------------------------------------------------------------------------------
Test set: memory.SharedMatrixTest
-------------------------------------------------------------------------------
Tests run: 25, Failures: 4, Errors: 0, Skipped: 0, Time elapsed: 0.039 s <<< FAILURE! -- in memory.SharedMatrixTest
memory.SharedMatrixTest.test20_SingleColumnLoadedAsColumnMajor -- Time elapsed: 0 s <<< FAILURE!
org.opentest4j.AssertionFailedError: Should have 1 column vector ==> expected: <1> but was: <5>
	at org.junit.jupiter.api.AssertionFailureBuilder.build(AssertionFailureBuilder.java:151)
	at org.junit.jupiter.api.AssertionFailureBuilder.buildAndThrow(AssertionFailureBuilder.java:132)
	at org.junit.jupiter.api.AssertEquals.failNotEqual(AssertEquals.java:197)
	at org.junit.jupiter.api.AssertEquals.assertEquals(AssertEquals.java:150)
	at org.junit.jupiter.api.Assertions.assertEquals(Assertions.java:563)
	at memory.SharedMatrixTest.test20_SingleColumnLoadedAsColumnMajor(SharedMatrixTest.java:196)
	at java.base/java.lang.reflect.Method.invoke(Method.java:565)
	at java.base/java.util.ArrayList.forEach(ArrayList.java:1604)
	at java.base/java.util.ArrayList.forEach(ArrayList.java:1604)

memory.SharedMatrixTest.test11_ReadRowMajorFromColumnMajorStorage -- Time elapsed: 0 s <<< FAILURE!
org.opentest4j.AssertionFailedError: array contents differ at index [1], expected: <3.0> but was: <2.0>
	at org.junit.jupiter.api.AssertionFailureBuilder.build(AssertionFailureBuilder.java:151)
	at org.junit.jupiter.api.AssertionFailureBuilder.buildAndThrow(AssertionFailureBuilder.java:132)
	at org.junit.jupiter.api.AssertArrayEquals.failArraysNotEqual(AssertArrayEquals.java:440)
	at org.junit.jupiter.api.AssertArrayEquals.assertArrayEquals(AssertArrayEquals.java:306)
	at org.junit.jupiter.api.AssertArrayEquals.assertArrayEquals(AssertArrayEquals.java:135)
	at org.junit.jupiter.api.AssertArrayEquals.assertArrayEquals(AssertArrayEquals.java:131)
	at org.junit.jupiter.api.Assertions.assertArrayEquals(Assertions.java:1393)
	at memory.SharedMatrixTest.test11_ReadRowMajorFromColumnMajorStorage(SharedMatrixTest.java:118)
	at java.base/java.lang.reflect.Method.invoke(Method.java:565)
	at java.base/java.util.ArrayList.forEach(ArrayList.java:1604)
	at java.base/java.util.ArrayList.forEach(ArrayList.java:1604)

memory.SharedMatrixTest.test7_LoadColumnMajorValid -- Time elapsed: 0 s <<< FAILURE!
org.opentest4j.AssertionFailedError: Length should be number of columns ==> expected: <3> but was: <2>
	at org.junit.jupiter.api.AssertionFailureBuilder.build(AssertionFailureBuilder.java:151)
	at org.junit.jupiter.api.AssertionFailureBuilder.buildAndThrow(AssertionFailureBuilder.java:132)
	at org.junit.jupiter.api.AssertEquals.failNotEqual(AssertEquals.java:197)
	at org.junit.jupiter.api.AssertEquals.assertEquals(AssertEquals.java:150)
	at org.junit.jupiter.api.Assertions.assertEquals(Assertions.java:563)
	at memory.SharedMatrixTest.test7_LoadColumnMajorValid(SharedMatrixTest.java:75)
	at java.base/java.lang.reflect.Method.invoke(Method.java:565)
	at java.base/java.util.ArrayList.forEach(ArrayList.java:1604)
	at java.base/java.util.ArrayList.forEach(ArrayList.java:1604)

memory.SharedMatrixTest.test25_DataEncapsulationCheck -- Time elapsed: 0.001 s <<< FAILURE!
org.opentest4j.AssertionFailedError: Current implementation stores references to rows, so external changes might affect matrix ==> expected: <99.0> but was: <10.0>
	at org.junit.jupiter.api.AssertionFailureBuilder.build(AssertionFailureBuilder.java:151)
	at org.junit.jupiter.api.AssertionFailureBuilder.buildAndThrow(AssertionFailureBuilder.java:132)
	at org.junit.jupiter.api.AssertEquals.failNotEqual(AssertEquals.java:197)
	at org.junit.jupiter.api.AssertEquals.assertEquals(AssertEquals.java:70)
	at org.junit.jupiter.api.Assertions.assertEquals(Assertions.java:929)
	at memory.SharedMatrixTest.test25_DataEncapsulationCheck(SharedMatrixTest.java:288)
	at java.base/java.lang.reflect.Method.invoke(Method.java:565)
	at java.base/java.util.ArrayList.forEach(ArrayList.java:1604)
	at java.base/java.util.ArrayList.forEach(ArrayList.java:1604)

