<?xml version="1.0" encoding="UTF-8"?>
<testsuite xmlns:xsi="http://www.w3.org/2001/XMLSchema-instance" xsi:noNamespaceSchemaLocation="https://maven.apache.org/surefire/maven-surefire-plugin/xsd/surefire-test-report-3.0.xsd" version="3.0" name="memory.SharedMatrixTest" time="0.044" tests="25" errors="0" skipped="0" failures="0">
  <properties>
[...]
</properties>
  <testcase name="test15_GetVectorIndexOutOfBoundsNegative" classname="memory.SharedMatrixTest" time="0.008"/>
  <testcase name="test12_ReadFromEmptyMatrix" classname="memory.SharedMatrixTest" time="0.001"/>
  <testcase name="test23_LargeMatrixLoadAndRead" classname="memory.SharedMatrixTest" time="0.014"/>
  <testcase name="test3_LoadRowMajorValid" classname="memory.SharedMatrixTest" time="0.0"/>
  <testcase name="test22_SwitchingOrientations" classname="memory.SharedMatrixTest" time="0.0"/>
  <testcase name="test5_LoadRowMajorEmptyArray" classname="memory.SharedMatrixTest" time="0.0"/>
  <testcase name="test20_SingleColumnLoadedAsColumnMajor" classname="memory.SharedMatrixTest" time="0.001"/>
  <testcase name="test10_ReadRowMajorFromRowMajorStorage" classname="memory.SharedMatrixTest" time="0.0"/>
  <testcase name="test11_ReadRowMajorFromColumnMajorStorage" classname="memory.SharedMatrixTest" time="0.001"/>
  <testcase name="test8_LoadColumnMajorNullInput" classname="memory.SharedMatrixTest" time="0.0"/>
  <testcase name="test17_SingleElementMatrix" classname="memory.SharedMatrixTest" time="0.0"/>
  <testcase name="test13_GetVectorValidIndex" classname="memory.SharedMatrixTest" time="0.0"/>
  <testcase name="test6_LoadRowMajorEmptySubArray" classname="memory.SharedMatrixTest" time="0.0"/>
  <testcase name="test19_SingleColumnMatrix" classname="memory.SharedMatrixTest" time="0.0"/>
  <testcase name="test4_LoadRowMajorNullInput" classname="memory.SharedMatrixTest" time="0.0"/>
  <testcase name="test1_NewMatrixIsEmpty" classname="memory.SharedMatrixTest" time="0.0"/>
  <testcase name="test14_GetVectorIndexOutOfBoundsHigh" classname="memory.SharedMatrixTest" time="0.0"/>
  <testcase name="test21_ReloadingMatrixUpdatesData" classname="memory.SharedMatrixTest" time="0.001"/>
  <testcase name="test2_ConstructorWithValidData" classname="memory.SharedMatrixTest" time="0.0"/>
  <testcase name="test24_LargeMatrixTransposeRead" classname="memory.SharedMatrixTest" time="0.004"/>
  <testcase name="test7_LoadColumnMajorValid" classname="memory.SharedMatrixTest" time="0.001"/>
  <testcase name="test9_LoadColumnMajorEmpty" classname="memory.SharedMatrixTest" time="0.0"/>
  <testcase name="test18_SingleRowMatrix" classname="memory.SharedMatrixTest" time="0.001"/>
  <testcase name="test25_DataEncapsulationCheck" classname="memory.SharedMatrixTest" time="0.0"/>
  <testcase name="test16_GetOrientationEmpty" classname="memory.SharedMatrixTest" time="0.0"/>
</testsuite>