<?xml version="1.0" encoding="UTF-8"?>
<testsuite xmlns:xsi="http://www.w3.org/2001/XMLSchema-instance" xsi:noNamespaceSchemaLocation="https://maven.apache.org/surefire/maven-surefire-plugin/xsd/surefire-test-report-3.0.xsd" version="3.0" name="scheduling.TiredExecutorTest" time="0.325" tests="9" errors="0" skipped="0" failures="0">
  <properties>
[...]
</properties>
  <testcase name="testFatigueValueCorrectness" classname="scheduling.TiredExecutorTest" time="0.174"/>
  <testcase name="testEmptyShutdown" classname="scheduling.TiredExecutorTest" time="0.002"/>
  <testcase name="testPoolSizeOneSerialization" classname="scheduling.TiredExecutorTest" time="0.063"/>
  <testcase name="testBasicExecution" classname="scheduling.TiredExecutorTest" time="0.004"/>
  <testcase name="testLargeWorkloadStress" classname="scheduling.TiredExecutorTest" time="0.045"/>
  <testcase name="testFatigueFairnessDistribution" classname="scheduling.TiredExecutorTest" time="0.007"/>
  <testcase name="testExceptionIsolation" classname="scheduling.TiredExecutorTest" time="0.002">
    <system-err><![CDATA[Worker 0 failed to execute task: Intentional Failure
]]></system-err>
  </testcase>
  <testcase name="testSubmitAllHelper" classname="scheduling.TiredExecutorTest" time="0.004"/>
  <testcase name="testFullFatigueReport" classname="scheduling.TiredExecutorTest" time="0.012">
    <system-out><![CDATA[
========================================
       FULL FATIGUE REPORT              
========================================
Worker 0 | Fatigue: 2793182.55
Worker 1 | Fatigue: 4520978.00
Worker 2 | Fatigue: 4752158.11
Worker 3 | Fatigue: 4742367.41
----------------------------------------
Average Fatigue:    4202171.52
----------------------------------------
1. Total Variance:  2681184350797.01  (Original metric)
2. Std Deviation:   818716.12
3. Fairness (CV):   0.19483  (Best for comparison)
========================================

]]></system-out>
  </testcase>
</testsuite>