<?xml version="1.0" encoding="UTF-8"?>
<testsuite xmlns:xsi="http://www.w3.org/2001/XMLSchema-instance" xsi:noNamespaceSchemaLocation="https://maven.apache.org/surefire/maven-surefire-plugin/xsd/surefire-test-report-3.0.xsd" version="3.0" name="spl.lae.ProjectIntegrationTest" time="0.125" tests="5" errors="0" skipped="0" failures="1">
  <properties>
[...]
</properties>
  <testcase name="testParsingErrorInvalidJson" classname="spl.lae.ProjectIntegrationTest" time="0.03"/>
  <testcase name="testEndToEndComplexExpression" classname="spl.lae.ProjectIntegrationTest" time="0.016">
    <failure message="expected: &lt;1.0&gt; but was: &lt;-2.0&gt;" type="org.opentest4j.AssertionFailedError"><![CDATA[org.opentest4j.AssertionFailedError: expected: <1.0> but was: <-2.0>
	at org.junit.jupiter.api.AssertionFailureBuilder.build(AssertionFailureBuilder.java:151)
	at org.junit.jupiter.api.AssertionFailureBuilder.buildAndThrow(AssertionFailureBuilder.java:132)
	at org.junit.jupiter.api.AssertEquals.failNotEqual(AssertEquals.java:197)
	at org.junit.jupiter.api.AssertEquals.assertEquals(AssertEquals.java:86)
	at org.junit.jupiter.api.AssertEquals.assertEquals(AssertEquals.java:81)
	at org.junit.jupiter.api.Assertions.assertEquals(Assertions.java:1014)
	at spl.lae.ProjectIntegrationTest.testEndToEndComplexExpression(ProjectIntegrationTest.java:132)
	at java.base/java.lang.reflect.Method.invoke(Method.java:565)
	at java.base/java.util.ArrayList.forEach(ArrayList.java:1604)
	at java.base/java.util.ArrayList.forEach(ArrayList.java:1604)
]]></failure>
  </testcase>
  <testcase name="testErrorHandlingDimensionMismatch" classname="spl.lae.ProjectIntegrationTest" time="0.002">
    <system-out><![CDATA[Caught expected error: cannot perform addition unless both matrices has the same structure
]]></system-out>
  </testcase>
  <testcase name="testHeavyLoadForConcurrency" classname="spl.lae.ProjectIntegrationTest" time="0.011">
    <system-out><![CDATA[Worker Report:
Worker Id: 0, Fatigue: 3719643.19, Is busy: false, Time used: 2759957, Time idle: 5872082
Worker Id: 1, Fatigue: 3910582.86, Is busy: false, Time used: 2728919, Time idle: 5801039
Worker Id: 2, Fatigue: 3069201.71, Is busy: false, Time used: 2871085, Time idle: 5704081
Worker Id: 3, Fatigue: 3424762.74, Is busy: false, Time used: 2774332, Time idle: 5702043

]]></system-out>
  </testcase>
  <testcase name="testEndToEndSimpleAddition" classname="spl.lae.ProjectIntegrationTest" time="0.002"/>
</testsuite>